2018-10-29T16:58:00.571Z - normal: Load ~/.CocosCreator/settings.json
2018-10-29T16:58:00.576Z - normal: checking language setting...
2018-10-29T16:58:00.577Z - normal: Language: zh
2018-10-29T16:58:01.280Z - success: protocol editor-framework registered
2018-10-29T16:58:01.281Z - success: protocol app registered
2018-10-29T16:58:01.282Z - success: protocol theme registered
2018-10-29T16:58:01.282Z - success: protocol packages registered
2018-10-29T16:58:01.283Z - success: protocol unpack registerred
2018-10-29T16:58:01.283Z - success: protocol disable-commonjs registerred
2018-10-29T16:58:01.451Z - normal: connected!
2018-10-29T16:58:01.454Z - normal: Check project /Users/jason/Documents/SourceCode/GlobeTest001
2018-10-29T16:58:01.458Z - normal: Initializing project /Users/jason/Documents/SourceCode/GlobeTest001
2018-10-29T16:58:01.465Z - normal: Initializing Cocos2d
2018-10-29T16:58:02.330Z - normal: Initializing Asset Database
2018-10-29T16:58:02.379Z - success: protocol uuid registerred
2018-10-29T16:58:02.379Z - success: protocol db registerred
2018-10-29T16:58:02.379Z - success: protocol thumbnail registerred
2018-10-29T16:58:02.380Z - normal: Loading editor/builtin packages
2018-10-29T16:58:02.570Z - success: assets loaded
2018-10-29T16:58:02.575Z - success: builder loaded
2018-10-29T16:58:02.577Z - success: cocos-analytics loaded
2018-10-29T16:58:02.586Z - success: console loaded
2018-10-29T16:58:02.639Z - success: fb-instant-games loaded
2018-10-29T16:58:02.642Z - success: google-instant-games loaded
2018-10-29T16:58:02.651Z - success: hierarchy loaded
2018-10-29T16:58:02.656Z - success: inspector loaded
2018-10-29T16:58:02.658Z - success: keystore loaded
2018-10-29T16:58:02.665Z - success: node-library loaded
2018-10-29T16:58:02.670Z - success: package-asset loaded
2018-10-29T16:58:02.672Z - success: preferences loaded
2018-10-29T16:58:02.676Z - success: project-exporter loaded
2018-10-29T16:58:02.701Z - success: project-importer loaded
2018-10-29T16:58:02.707Z - success: project-settings loaded
2018-10-29T16:58:02.718Z - success: ui-kit loaded
2018-10-29T16:58:02.725Z - success: scene loaded
2018-10-29T16:58:02.727Z - success: sprite-editor loaded
2018-10-29T16:58:02.735Z - success: store loaded
2018-10-29T16:58:02.744Z - success: timeline loaded
2018-10-29T16:58:02.744Z - normal: Loading builtin packages
2018-10-29T16:58:02.752Z - success: asset-db-debugger loaded
2018-10-29T16:58:02.753Z - success: color-picker loaded
2018-10-29T16:58:02.888Z - success: google-play-instant loaded
2018-10-29T16:58:02.891Z - success: jsb-adapter loaded
2018-10-29T16:58:02.902Z - success: package-manager loaded
2018-10-29T16:58:03.058Z - success: qqplay-adapter loaded
2018-10-29T16:58:03.068Z - success: sdkbox loaded
2018-10-29T16:58:03.073Z - success: tester loaded
2018-10-29T16:58:03.084Z - success: ui-grid loaded
2018-10-29T16:58:03.090Z - success: ui-kit-preview-extra loaded
2018-10-29T16:58:03.094Z - success: ui-kit-preview loaded
2018-10-29T16:58:03.102Z - success: ui-tree loaded
2018-10-29T16:58:03.103Z - success: weapp-adapter loaded
2018-10-29T16:58:04.614Z - normal: Loading packages
2018-10-29T16:58:04.623Z - normal: Watching packages
2018-10-29T16:58:04.734Z - normal: Run Application
2018-10-29T16:58:05.898Z - success: preview server running at http://localhost:7456
2018-10-29T17:04:59.351Z - warn: Error: ipc timeout. message: scene:query-node, session: scene@renderer:5300
2018-10-29T17:06:31.952Z - normal: Simulator: WORKAREA WIDTH 1280.00, HEIGHT 699.00
2018-10-29T17:06:31.957Z - normal: Simulator: FRAME SCALE = 0.50
2018-10-29T17:06:32.142Z - normal: Simulator: GLFWError #65544 Happen, Cocoa: Failed to retrieve display name
2018-10-29T17:06:32.143Z - normal: Simulator: 
2018-10-29T17:06:32.143Z - normal: Simulator: {
2018-10-29T17:06:32.144Z - normal: Simulator: 	build_type: DEBUG
2018-10-29T17:06:32.145Z - normal: Simulator: 	gl.vendor: Intel Inc.
2018-10-29T17:06:32.145Z - normal: Simulator: 	gl.supports_PVRTC: false
2018-10-29T17:06:32.146Z - normal: Simulator: 	gl.renderer: Intel(R) Iris(TM) Graphics 6100
2018-10-29T17:06:32.146Z - normal: Simulator: 	gl.supports_ATITC: false
2018-10-29T17:06:32.146Z - normal: Simulator: 	gl.supports_discard_framebuffer: false
2018-10-29T17:06:32.146Z - normal: Simulator: 	gl.supports_NPOT: true
2018-10-29T17:06:32.147Z - normal: Simulator: 	gl.max_texture_units: 16
2018-10-29T17:06:32.147Z - normal: Simulator: 	gl.supports_ETC1: false
2018-10-29T17:06:32.147Z - normal: Simulator: 	gl.max_texture_size: 16384
2018-10-29T17:06:32.148Z - normal: Simulator: 	gl.supports_BGRA8888: false
2018-10-29T17:06:32.148Z - normal: Simulator: 	gl.supports_vertex_array_object: true
2018-10-29T17:06:32.148Z - normal: Simulator: 	gl.supports_OES_map_buffer: false
2018-10-29T17:06:32.148Z - normal: Simulator: 	compiled_with_gl_state_cache: true
2018-10-29T17:06:32.149Z - normal: Simulator: 	gl.supports_OES_packed_depth_stencil: false
2018-10-29T17:06:32.149Z - normal: Simulator: 	gl.version: 2.1 INTEL-10.36.19
2018-10-29T17:06:32.149Z - normal: Simulator: 	gl.supports_S3TC: true
2018-10-29T17:06:32.149Z - normal: Simulator: 	compiled_with_profiler: false
2018-10-29T17:06:32.150Z - normal: Simulator: 	gl.supports_OES_depth24: false
2018-10-29T17:06:32.150Z - normal: Simulator: }
2018-10-29T17:06:32.174Z - normal: Simulator: Project Config:
2018-10-29T17:06:32.175Z - normal: Simulator:     project dir: /Applications/CocosCreator.app/Contents/Resources/cocos2d-x/simulator/mac/Simulator.app/Contents/Resources/
2018-10-29T17:06:32.175Z - normal: Simulator:     writable path: $(PROJDIR)/
2018-10-29T17:06:32.175Z - normal: Simulator:     script file: $(PROJDIR)/main.js
2018-10-29T17:06:32.176Z - normal: Simulator:     frame size: 640 x 960
2018-10-29T17:06:32.177Z - normal: Simulator:     frame scale: 0.50
2018-10-29T17:06:32.178Z - normal: Simulator:     show console: NO
2018-10-29T17:06:32.178Z - normal: Simulator:     write debug log: NO ()
2018-10-29T17:06:32.179Z - normal: Simulator:     listen: 
2018-10-29T17:06:32.180Z - normal: Simulator:     debugger: none
2018-10-29T17:06:32.180Z - normal: Simulator:     add searching path:
2018-10-29T17:06:32.193Z - normal: Simulator: resetDesignResolution request
2018-10-29T17:06:32.193Z - normal: Simulator: ------------------------------------------------
2018-10-29T17:06:32.194Z - normal: Simulator: LOAD Js FILE: jsb-adapter/jsb-builtin.js
2018-10-29T17:06:32.195Z - normal: Simulator: ------------------------------------------------
2018-10-29T17:06:32.195Z - normal: Simulator: Initializing JavaScriptCore 
2018-10-29T17:06:32.289Z - normal: Simulator: JS: Enable batch GL commands optimization!
2018-10-29T17:06:32.290Z - normal: Simulator: resetDesignResolution request
2018-10-29T17:06:32.291Z - normal: Simulator: ------------------------------------------------
2018-10-29T17:06:32.292Z - normal: Simulator: LOAD Js FILE: main.js
2018-10-29T17:06:32.292Z - normal: Simulator: ------------------------------------------------
2018-10-29T17:06:33.186Z - normal: Simulator: iShow!
2018-10-29T17:06:33.385Z - normal: Simulator: glGetIntegerv: pname: 0x8b4c
2018-10-29T17:06:33.386Z - normal: Simulator: glGetIntegerv: pname: 0x8869
2018-10-29T17:06:33.415Z - normal: Simulator: JS: Cocos Creator v2.0.4
2018-10-29T17:06:33.643Z - normal: Simulator: JS: DragonBones: 5.6.2
2018-10-29T17:06:33.644Z - normal: Simulator: Website: http://dragonbones.com/
2018-10-29T17:06:33.644Z - normal: Simulator: Source and Demos: https://github.com/DragonBones/
2018-10-29T17:06:33.693Z - error: Simulator: libpng warning: iCCP: known incorrect sRGB profile
    at HTMLElement.print-simulator-log (/Applications/CocosCreator.app/Contents/Resources/app.asar/editor/builtin/scene/panel/messages/scene.js:1:1487)
    at Object.e._dispatch (/Applications/CocosCreator.app/Contents/Resources/app.asar/editor-framework/lib/renderer/panel.js:1:1941)
    at EventEmitter.o.on.s (/Applications/CocosCreator.app/Contents/Resources/app.asar/editor-framework/lib/renderer/ipc.js:1:2917)
    at emitMany (events.js:127:13)
    at EventEmitter.emit (events.js:204:7)
2018-10-29T17:07:12.337Z - normal: Simulator: ScriptEngine::cleanup begin ...
2018-10-29T17:07:12.340Z - normal: Simulator: GC begin ..., (Native -> JS map) count: 48
2018-10-29T17:07:12.393Z - normal: Simulator: GC end ..., (Native -> JS map) count: 48
2018-10-29T17:07:12.394Z - normal: Simulator: GC begin ..., (Native -> JS map) count: 48
2018-10-29T17:07:12.418Z - normal: Simulator: GC end ..., (Native -> JS map) count: 48
2018-10-29T17:07:12.418Z - normal: Simulator: GC begin ..., (Native -> JS map) count: 48
2018-10-29T17:07:12.431Z - normal: Simulator: GC end ..., (Native -> JS map) count: 48
2018-10-29T17:07:12.455Z - normal: Simulator: Destroy WebGLProgram (6) by GC
2018-10-29T17:07:12.456Z - normal: Simulator: Destroy WebGLBuffer (6) by GC
2018-10-29T17:07:12.461Z - normal: Simulator: Destroy WebGLBuffer (5) by GC
2018-10-29T17:07:12.462Z - normal: Simulator: Destroy WebGLProgram (3) by GC
2018-10-29T17:07:12.463Z - normal: Simulator: Destroy WebGLFramebuffer (2) by GC
2018-10-29T17:07:12.466Z - normal: Simulator: Destroy WebGLTexture (30) by GC
2018-10-29T17:07:12.467Z - normal: Simulator: Destroy WebGLFramebuffer (1) by GC
2018-10-29T17:07:12.468Z - normal: Simulator: Destroy WebGLTexture (29) by GC
2018-10-29T17:07:12.468Z - normal: Simulator: Destroy WebGLTexture (28) by GC
2018-10-29T17:07:12.469Z - normal: Simulator: Destroy WebGLTexture (27) by GC
2018-10-29T17:07:12.470Z - normal: Simulator: Destroy WebGLTexture (26) by GC
2018-10-29T17:07:12.471Z - normal: Simulator: Destroy WebGLTexture (25) by GC
2018-10-29T17:07:12.472Z - normal: Simulator: Destroy WebGLTexture (24) by GC
2018-10-29T17:07:12.473Z - normal: Simulator: Destroy WebGLTexture (23) by GC
2018-10-29T17:07:12.476Z - normal: Simulator: Destroy WebGLTexture (22) by GC
2018-10-29T17:07:12.477Z - normal: Simulator: Destroy WebGLTexture (21) by GC
2018-10-29T17:07:12.478Z - normal: Simulator: Destroy WebGLTexture (20) by GC
2018-10-29T17:07:12.479Z - normal: Simulator: Destroy WebGLTexture (19) by GC
2018-10-29T17:07:12.479Z - normal: Simulator: Destroy WebGLTexture (18) by GC
2018-10-29T17:07:12.479Z - normal: Simulator: Destroy WebGLTexture (17) by GC
2018-10-29T17:07:12.479Z - normal: Simulator: Destroy WebGLTexture (16) by GC
2018-10-29T17:07:12.480Z - normal: Simulator: Destroy WebGLTexture (15) by GC
2018-10-29T17:07:12.480Z - normal: Simulator: Destroy WebGLTexture (14) by GC
2018-10-29T17:07:12.481Z - normal: Simulator: Destroy WebGLTexture (13) by GC
2018-10-29T17:07:12.481Z - normal: Simulator: Destroy WebGLTexture (12) by GC
2018-10-29T17:07:12.482Z - normal: Simulator: Destroy WebGLTexture (11) by GC
2018-10-29T17:07:12.482Z - normal: Simulator: Destroy WebGLTexture (10) by GC
2018-10-29T17:07:12.482Z - normal: Simulator: Destroy WebGLTexture (9) by GC
2018-10-29T17:07:12.483Z - normal: Simulator: Destroy WebGLTexture (8) by GC
2018-10-29T17:07:12.483Z - normal: Simulator: Destroy WebGLTexture (7) by GC
2018-10-29T17:07:12.483Z - normal: Simulator: Destroy WebGLTexture (6) by GC
2018-10-29T17:07:12.484Z - normal: Simulator: Destroy WebGLTexture (5) by GC
2018-10-29T17:07:12.484Z - normal: Simulator: Destroy WebGLTexture (4) by GC
2018-10-29T17:07:12.485Z - normal: Simulator: Destroy WebGLTexture (3) by GC
2018-10-29T17:07:12.496Z - normal: Simulator: Destroy WebGLTexture (2) by GC
2018-10-29T17:07:12.535Z - normal: Simulator: Destroy WebGLTexture (1) by GC
2018-10-29T17:07:12.536Z - normal: Simulator: Destroy WebGLBuffer (4) by GC
2018-10-29T17:07:12.537Z - normal: Simulator: Destroy WebGLBuffer (3) by GC
2018-10-29T17:07:12.538Z - normal: Simulator: Destroy WebGLBuffer (2) by GC
2018-10-29T17:07:12.539Z - normal: Simulator: Destroy WebGLBuffer (1) by GC
2018-10-29T17:07:12.540Z - normal: Simulator: ScriptEngine::cleanup end ...
2018-10-29T17:07:41.408Z - normal: Simulator: WORKAREA WIDTH 1280.00, HEIGHT 699.00
2018-10-29T17:07:41.409Z - normal: Simulator: FRAME SCALE = 0.50
2018-10-29T17:07:41.525Z - normal: Simulator: GLFWError #65544 Happen, Cocoa: Failed to retrieve display name
2018-10-29T17:07:41.526Z - normal: Simulator: 
2018-10-29T17:07:41.526Z - normal: Simulator: {
2018-10-29T17:07:41.527Z - normal: Simulator: 	build_type: DEBUG
2018-10-29T17:07:41.528Z - normal: Simulator: 	gl.vendor: Intel Inc.
2018-10-29T17:07:41.528Z - normal: Simulator: 	gl.supports_PVRTC: false
2018-10-29T17:07:41.529Z - normal: Simulator: 	gl.renderer: Intel(R) Iris(TM) Graphics 6100
2018-10-29T17:07:41.529Z - normal: Simulator: 	gl.supports_ATITC: false
2018-10-29T17:07:41.529Z - normal: Simulator: 	gl.supports_discard_framebuffer: false
2018-10-29T17:07:41.529Z - normal: Simulator: 	gl.supports_NPOT: true
2018-10-29T17:07:41.530Z - normal: Simulator: 	gl.max_texture_units: 16
2018-10-29T17:07:41.531Z - normal: Simulator: 	gl.supports_ETC1: false
2018-10-29T17:07:41.532Z - normal: Simulator: 	gl.max_texture_size: 16384
2018-10-29T17:07:41.532Z - normal: Simulator: 	gl.supports_BGRA8888: false
2018-10-29T17:07:41.532Z - normal: Simulator: 	gl.supports_vertex_array_object: true
2018-10-29T17:07:41.537Z - normal: Simulator: 	gl.supports_OES_map_buffer: false
2018-10-29T17:07:41.538Z - normal: Simulator: 	compiled_with_gl_state_cache: true
2018-10-29T17:07:41.540Z - normal: Simulator: 	gl.supports_OES_packed_depth_stencil: false
2018-10-29T17:07:41.542Z - normal: Simulator: 	gl.version: 2.1 INTEL-10.36.19
2018-10-29T17:07:41.543Z - normal: Simulator: 	gl.supports_S3TC: true
2018-10-29T17:07:41.543Z - normal: Simulator: 	compiled_with_profiler: false
2018-10-29T17:07:41.545Z - normal: Simulator: 	gl.supports_OES_depth24: false
2018-10-29T17:07:41.546Z - normal: Simulator: }
2018-10-29T17:07:41.568Z - normal: Simulator: Project Config:
2018-10-29T17:07:41.570Z - normal: Simulator:     project dir: /Applications/CocosCreator.app/Contents/Resources/cocos2d-x/simulator/mac/Simulator.app/Contents/Resources/
2018-10-29T17:07:41.570Z - normal: Simulator:     writable path: $(PROJDIR)/
2018-10-29T17:07:41.570Z - normal: Simulator:     script file: $(PROJDIR)/main.js
2018-10-29T17:07:41.572Z - normal: Simulator:     frame size: 640 x 960
2018-10-29T17:07:41.575Z - normal: Simulator:     frame scale: 0.50
2018-10-29T17:07:41.575Z - normal: Simulator:     show console: NO
2018-10-29T17:07:41.576Z - normal: Simulator:     write debug log: NO ()
2018-10-29T17:07:41.576Z - normal: Simulator:     listen: 
2018-10-29T17:07:41.577Z - normal: Simulator:     debugger: none
2018-10-29T17:07:41.578Z - normal: Simulator:     add searching path:
2018-10-29T17:07:41.578Z - normal: Simulator: resetDesignResolution request
2018-10-29T17:07:41.579Z - normal: Simulator: ------------------------------------------------
2018-10-29T17:07:41.579Z - normal: Simulator: LOAD Js FILE: jsb-adapter/jsb-builtin.js
2018-10-29T17:07:41.579Z - normal: Simulator: ------------------------------------------------
2018-10-29T17:07:41.579Z - normal: Simulator: Initializing JavaScriptCore 
2018-10-29T17:07:41.633Z - normal: Simulator: JS: Enable batch GL commands optimization!
2018-10-29T17:07:41.636Z - normal: Simulator: resetDesignResolution request
2018-10-29T17:07:41.637Z - normal: Simulator: ------------------------------------------------
2018-10-29T17:07:41.637Z - normal: Simulator: LOAD Js FILE: main.js
2018-10-29T17:07:41.638Z - normal: Simulator: ------------------------------------------------
2018-10-29T17:07:42.232Z - normal: Simulator: iShow!
2018-10-29T17:07:42.384Z - normal: Simulator: glGetIntegerv: pname: 0x8b4c
2018-10-29T17:07:42.385Z - normal: Simulator: glGetIntegerv: pname: 0x8869
2018-10-29T17:07:42.402Z - normal: Simulator: JS: Cocos Creator v2.0.4
2018-10-29T17:07:42.537Z - normal: Simulator: JS: DragonBones: 5.6.2
2018-10-29T17:07:42.538Z - normal: Simulator: Website: http://dragonbones.com/
2018-10-29T17:07:42.538Z - normal: Simulator: Source and Demos: https://github.com/DragonBones/
2018-10-29T17:07:42.573Z - error: Simulator: libpng warning: iCCP: known incorrect sRGB profile
    at HTMLElement.print-simulator-log (/Applications/CocosCreator.app/Contents/Resources/app.asar/editor/builtin/scene/panel/messages/scene.js:1:1487)
    at Object.e._dispatch (/Applications/CocosCreator.app/Contents/Resources/app.asar/editor-framework/lib/renderer/panel.js:1:1941)
    at EventEmitter.o.on.s (/Applications/CocosCreator.app/Contents/Resources/app.asar/editor-framework/lib/renderer/ipc.js:1:2917)
    at emitMany (events.js:127:13)
    at EventEmitter.emit (events.js:204:7)
2018-10-29T17:08:03.893Z - normal: Simulator: ScriptEngine::cleanup begin ...
2018-10-29T17:08:03.894Z - normal: Simulator: GC begin ..., (Native -> JS map) count: 48
2018-10-29T17:08:03.915Z - normal: Simulator: GC end ..., (Native -> JS map) count: 48
2018-10-29T17:08:03.916Z - normal: Simulator: GC begin ..., (Native -> JS map) count: 48
2018-10-29T17:08:03.924Z - normal: Simulator: GC end ..., (Native -> JS map) count: 48
2018-10-29T17:08:03.924Z - normal: Simulator: GC begin ..., (Native -> JS map) count: 48
2018-10-29T17:08:03.934Z - normal: Simulator: GC end ..., (Native -> JS map) count: 48
2018-10-29T17:08:03.952Z - normal: Simulator: Destroy WebGLProgram (6) by GC
2018-10-29T17:08:03.953Z - normal: Simulator: Destroy WebGLProgram (3) by GC
2018-10-29T17:08:03.953Z - normal: Simulator: Destroy WebGLFramebuffer (2) by GC
2018-10-29T17:08:03.953Z - normal: Simulator: Destroy WebGLTexture (30) by GC
2018-10-29T17:08:03.954Z - normal: Simulator: Destroy WebGLFramebuffer (1) by GC
2018-10-29T17:08:03.955Z - normal: Simulator: Destroy WebGLTexture (29) by GC
2018-10-29T17:08:03.957Z - normal: Simulator: Destroy WebGLTexture (28) by GC
2018-10-29T17:08:03.957Z - normal: Simulator: Destroy WebGLTexture (27) by GC
2018-10-29T17:08:03.958Z - normal: Simulator: Destroy WebGLTexture (26) by GC
2018-10-29T17:08:03.958Z - normal: Simulator: Destroy WebGLTexture (25) by GC
2018-10-29T17:08:03.959Z - normal: Simulator: Destroy WebGLTexture (24) by GC
2018-10-29T17:08:03.959Z - normal: Simulator: Destroy WebGLTexture (23) by GC
2018-10-29T17:08:03.959Z - normal: Simulator: Destroy WebGLTexture (22) by GC
2018-10-29T17:08:03.960Z - normal: Simulator: Destroy WebGLTexture (21) by GC
2018-10-29T17:08:03.960Z - normal: Simulator: Destroy WebGLTexture (20) by GC
2018-10-29T17:08:03.960Z - normal: Simulator: Destroy WebGLTexture (19) by GC
2018-10-29T17:08:03.960Z - normal: Simulator: Destroy WebGLTexture (18) by GC
2018-10-29T17:08:03.961Z - normal: Simulator: Destroy WebGLTexture (17) by GC
2018-10-29T17:08:03.961Z - normal: Simulator: Destroy WebGLTexture (16) by GC
2018-10-29T17:08:03.961Z - normal: Simulator: Destroy WebGLTexture (15) by GC
2018-10-29T17:08:03.962Z - normal: Simulator: Destroy WebGLTexture (14) by GC
2018-10-29T17:08:03.962Z - normal: Simulator: Destroy WebGLTexture (13) by GC
2018-10-29T17:08:03.962Z - normal: Simulator: Destroy WebGLTexture (12) by GC
2018-10-29T17:08:03.962Z - normal: Simulator: Destroy WebGLTexture (11) by GC
2018-10-29T17:08:03.963Z - normal: Simulator: Destroy WebGLTexture (10) by GC
2018-10-29T17:08:03.963Z - normal: Simulator: Destroy WebGLTexture (9) by GC
2018-10-29T17:08:03.963Z - normal: Simulator: Destroy WebGLTexture (8) by GC
2018-10-29T17:08:03.964Z - normal: Simulator: Destroy WebGLTexture (7) by GC
2018-10-29T17:08:03.964Z - normal: Simulator: Destroy WebGLTexture (6) by GC
2018-10-29T17:08:03.964Z - normal: Simulator: Destroy WebGLTexture (5) by GC
2018-10-29T17:08:03.965Z - normal: Simulator: Destroy WebGLTexture (4) by GC
2018-10-29T17:08:03.965Z - normal: Simulator: Destroy WebGLTexture (3) by GC
2018-10-29T17:08:03.965Z - normal: Simulator: Destroy WebGLBuffer (6) by GC
2018-10-29T17:08:03.966Z - normal: Simulator: Destroy WebGLBuffer (5) by GC
2018-10-29T17:08:03.968Z - normal: Simulator: Destroy WebGLTexture (2) by GC
2018-10-29T17:08:03.968Z - normal: Simulator: Destroy WebGLTexture (1) by GC
2018-10-29T17:08:03.968Z - normal: Simulator: Destroy WebGLBuffer (4) by GC
2018-10-29T17:08:03.969Z - normal: Simulator: Destroy WebGLBuffer (3) by GC
2018-10-29T17:08:03.969Z - normal: Simulator: Destroy WebGLBuffer (2) by GC
2018-10-29T17:08:03.970Z - normal: Simulator: Destroy WebGLBuffer (1) by GC
2018-10-29T17:08:03.978Z - normal: Simulator: ScriptEngine::cleanup end ...
2018-10-29T17:10:10.475Z - normal: Simulator: WORKAREA WIDTH 1280.00, HEIGHT 699.00
2018-10-29T17:10:10.480Z - normal: Simulator: FRAME SCALE = 0.50
2018-10-29T17:10:10.547Z - normal: Simulator: GLFWError #65544 Happen, Cocoa: Failed to retrieve display name
2018-10-29T17:10:10.547Z - normal: Simulator: 
2018-10-29T17:10:10.548Z - normal: Simulator: {
2018-10-29T17:10:10.548Z - normal: Simulator: 	build_type: DEBUG
2018-10-29T17:10:10.548Z - normal: Simulator: 	gl.vendor: Intel Inc.
2018-10-29T17:10:10.549Z - normal: Simulator: 	gl.supports_PVRTC: false
2018-10-29T17:10:10.549Z - normal: Simulator: 	gl.renderer: Intel(R) Iris(TM) Graphics 6100
2018-10-29T17:10:10.550Z - normal: Simulator: 	gl.supports_ATITC: false
2018-10-29T17:10:10.550Z - normal: Simulator: 	gl.supports_discard_framebuffer: false
2018-10-29T17:10:10.550Z - normal: Simulator: 	gl.supports_NPOT: true
2018-10-29T17:10:10.551Z - normal: Simulator: 	gl.max_texture_units: 16
2018-10-29T17:10:10.551Z - normal: Simulator: 	gl.supports_ETC1: false
2018-10-29T17:10:10.551Z - normal: Simulator: 	gl.max_texture_size: 16384
2018-10-29T17:10:10.552Z - normal: Simulator: 	gl.supports_BGRA8888: false
2018-10-29T17:10:10.552Z - normal: Simulator: 	gl.supports_vertex_array_object: true
2018-10-29T17:10:10.553Z - normal: Simulator: 	gl.supports_OES_map_buffer: false
2018-10-29T17:10:10.553Z - normal: Simulator: 	compiled_with_gl_state_cache: true
2018-10-29T17:10:10.553Z - normal: Simulator: 	gl.supports_OES_packed_depth_stencil: false
2018-10-29T17:10:10.554Z - normal: Simulator: 	gl.version: 2.1 INTEL-10.36.19
2018-10-29T17:10:10.554Z - normal: Simulator: 	gl.supports_S3TC: true
2018-10-29T17:10:10.582Z - normal: Simulator: 	compiled_with_profiler: false
2018-10-29T17:10:10.582Z - normal: Simulator: 	gl.supports_OES_depth24: false
2018-10-29T17:10:10.583Z - normal: Simulator: }
2018-10-29T17:10:10.612Z - normal: Simulator: Project Config:
2018-10-29T17:10:10.613Z - normal: Simulator:     project dir: /Applications/CocosCreator.app/Contents/Resources/cocos2d-x/simulator/mac/Simulator.app/Contents/Resources/
2018-10-29T17:10:10.614Z - normal: Simulator:     writable path: $(PROJDIR)/
2018-10-29T17:10:10.614Z - normal: Simulator:     script file: $(PROJDIR)/main.js
2018-10-29T17:10:10.614Z - normal: Simulator:     frame size: 640 x 960
2018-10-29T17:10:10.615Z - normal: Simulator:     frame scale: 0.50
2018-10-29T17:10:10.615Z - normal: Simulator:     show console: NO
2018-10-29T17:10:10.615Z - normal: Simulator:     write debug log: NO ()
2018-10-29T17:10:10.616Z - normal: Simulator:     listen: 
2018-10-29T17:10:10.616Z - normal: Simulator:     debugger: none
2018-10-29T17:10:10.616Z - normal: Simulator:     add searching path:
2018-10-29T17:10:10.617Z - normal: Simulator: 
2018-10-29T17:10:10.617Z - normal: Simulator: 
2018-10-29T17:10:10.617Z - normal: Simulator: 
2018-10-29T17:10:10.617Z - normal: Simulator: resetDesignResolution request
2018-10-29T17:10:10.618Z - normal: Simulator: ------------------------------------------------
2018-10-29T17:10:10.618Z - normal: Simulator: LOAD Js FILE: jsb-adapter/jsb-builtin.js
2018-10-29T17:10:10.618Z - normal: Simulator: ------------------------------------------------
2018-10-29T17:10:10.619Z - normal: Simulator: Initializing JavaScriptCore 
2018-10-29T17:10:10.682Z - normal: Simulator: JS: Enable batch GL commands optimization!
2018-10-29T17:10:10.683Z - normal: Simulator: resetDesignResolution request
2018-10-29T17:10:10.683Z - normal: Simulator: ------------------------------------------------
2018-10-29T17:10:10.684Z - normal: Simulator: LOAD Js FILE: main.js
2018-10-29T17:10:10.685Z - normal: Simulator: ------------------------------------------------
2018-10-29T17:10:11.333Z - normal: Simulator: iShow!
2018-10-29T17:10:11.468Z - normal: Simulator: glGetIntegerv: pname: 0x8b4c
2018-10-29T17:10:11.469Z - normal: Simulator: glGetIntegerv: pname: 0x8869
2018-10-29T17:10:11.479Z - normal: Simulator: JS: Cocos Creator v2.0.4
2018-10-29T17:10:11.575Z - normal: Simulator: JS: DragonBones: 5.6.2
2018-10-29T17:10:11.575Z - normal: Simulator: Website: http://dragonbones.com/
2018-10-29T17:10:11.576Z - normal: Simulator: Source and Demos: https://github.com/DragonBones/
2018-10-29T17:10:11.607Z - error: Simulator: libpng warning: iCCP: known incorrect sRGB profile
    at HTMLElement.print-simulator-log (/Applications/CocosCreator.app/Contents/Resources/app.asar/editor/builtin/scene/panel/messages/scene.js:1:1487)
    at Object.e._dispatch (/Applications/CocosCreator.app/Contents/Resources/app.asar/editor-framework/lib/renderer/panel.js:1:1941)
    at EventEmitter.o.on.s (/Applications/CocosCreator.app/Contents/Resources/app.asar/editor-framework/lib/renderer/ipc.js:1:2917)
    at emitMany (events.js:127:13)
    at EventEmitter.emit (events.js:204:7)
2018-10-29T17:10:25.750Z - normal: Simulator: ScriptEngine::cleanup begin ...
2018-10-29T17:10:25.751Z - normal: Simulator: GC begin ..., (Native -> JS map) count: 48
2018-10-29T17:10:25.767Z - normal: Simulator: GC end ..., (Native -> JS map) count: 48
2018-10-29T17:10:25.768Z - normal: Simulator: GC begin ..., (Native -> JS map) count: 48
2018-10-29T17:10:25.779Z - normal: Simulator: GC end ..., (Native -> JS map) count: 48
2018-10-29T17:10:25.780Z - normal: Simulator: GC begin ..., (Native -> JS map) count: 48
2018-10-29T17:10:25.788Z - normal: Simulator: GC end ..., (Native -> JS map) count: 48
2018-10-29T17:10:25.806Z - normal: Simulator: Destroy WebGLProgram (6) by GC
2018-10-29T17:10:25.807Z - normal: Simulator: Destroy WebGLBuffer (6) by GC
2018-10-29T17:10:25.809Z - normal: Simulator: Destroy WebGLBuffer (5) by GC
2018-10-29T17:10:25.809Z - normal: Simulator: Destroy WebGLProgram (3) by GC
2018-10-29T17:10:25.810Z - normal: Simulator: Destroy WebGLFramebuffer (2) by GC
2018-10-29T17:10:25.810Z - normal: Simulator: Destroy WebGLTexture (30) by GC
2018-10-29T17:10:25.811Z - normal: Simulator: Destroy WebGLFramebuffer (1) by GC
2018-10-29T17:10:25.811Z - normal: Simulator: Destroy WebGLTexture (29) by GC
2018-10-29T17:10:25.811Z - normal: Simulator: Destroy WebGLTexture (28) by GC
2018-10-29T17:10:25.812Z - normal: Simulator: Destroy WebGLTexture (27) by GC
2018-10-29T17:10:25.812Z - normal: Simulator: Destroy WebGLTexture (26) by GC
2018-10-29T17:10:25.812Z - normal: Simulator: Destroy WebGLTexture (25) by GC
2018-10-29T17:10:25.813Z - normal: Simulator: Destroy WebGLTexture (24) by GC
2018-10-29T17:10:25.813Z - normal: Simulator: Destroy WebGLTexture (23) by GC
2018-10-29T17:10:25.813Z - normal: Simulator: Destroy WebGLTexture (22) by GC
2018-10-29T17:10:25.813Z - normal: Simulator: Destroy WebGLTexture (21) by GC
2018-10-29T17:10:25.814Z - normal: Simulator: Destroy WebGLTexture (20) by GC
2018-10-29T17:10:25.814Z - normal: Simulator: Destroy WebGLTexture (19) by GC
2018-10-29T17:10:25.814Z - normal: Simulator: Destroy WebGLTexture (18) by GC
2018-10-29T17:10:25.815Z - normal: Simulator: Destroy WebGLTexture (17) by GC
2018-10-29T17:10:25.815Z - normal: Simulator: Destroy WebGLTexture (15) by GC
2018-10-29T17:10:25.815Z - normal: Simulator: Destroy WebGLTexture (14) by GC
2018-10-29T17:10:25.815Z - normal: Simulator: Destroy WebGLTexture (13) by GC
2018-10-29T17:10:25.816Z - normal: Simulator: Destroy WebGLTexture (12) by GC
2018-10-29T17:10:25.816Z - normal: Simulator: Destroy WebGLTexture (11) by GC
2018-10-29T17:10:25.816Z - normal: Simulator: Destroy WebGLTexture (10) by GC
2018-10-29T17:10:25.816Z - normal: Simulator: Destroy WebGLTexture (9) by GC
2018-10-29T17:10:25.817Z - normal: Simulator: Destroy WebGLTexture (8) by GC
2018-10-29T17:10:25.817Z - normal: Simulator: Destroy WebGLTexture (7) by GC
2018-10-29T17:10:25.817Z - normal: Simulator: Destroy WebGLTexture (6) by GC
2018-10-29T17:10:25.817Z - normal: Simulator: Destroy WebGLTexture (5) by GC
2018-10-29T17:10:25.818Z - normal: Simulator: Destroy WebGLTexture (4) by GC
2018-10-29T17:10:25.818Z - normal: Simulator: Destroy WebGLTexture (3) by GC
2018-10-29T17:10:25.818Z - normal: Simulator: Destroy WebGLTexture (16) by GC
2018-10-29T17:10:25.818Z - normal: Simulator: Destroy WebGLTexture (1) by GC
2018-10-29T17:10:25.819Z - normal: Simulator: Destroy WebGLBuffer (4) by GC
2018-10-29T17:10:25.819Z - normal: Simulator: Destroy WebGLBuffer (3) by GC
2018-10-29T17:10:25.819Z - normal: Simulator: Destroy WebGLBuffer (2) by GC
2018-10-29T17:10:25.820Z - normal: Simulator: Destroy WebGLBuffer (1) by GC
2018-10-29T17:10:25.820Z - normal: Simulator: Destroy WebGLTexture (2) by GC
2018-10-29T17:10:25.829Z - normal: Simulator: ScriptEngine::cleanup end ...
